<?xml version="1.0" encoding="UTF-8"?>
<!-- Generated by org.testng.reporters.JUnitReportReporter -->
<testsuite hostname="SEW-APAC-619" name="com.test.HomePageTest" tests="1" failures="0" timestamp="16 Oct 2021 15:06:12 GMT" time="0.765" errors="0">
  <testcase name="loginWebPortal" time="0.765" classname="com.test.HomePageTest"/>
</testsuite> <!-- com.test.HomePageTest -->
