<?xml version="1.0" encoding="UTF-8"?>
<!-- Generated by org.testng.reporters.JUnitReportReporter -->
<testsuite hostname="SEW-APAC-619" name="com.biswal.Selenium.HomePageTest" tests="1" failures="0" timestamp="5 Oct 2021 09:12:24 GMT" time="1.760" errors="0">
  <testcase name="getLogin" time="1.760" classname="com.biswal.Selenium.HomePageTest"/>
</testsuite> <!-- com.biswal.Selenium.HomePageTest -->
