<?xml version="1.0" encoding="UTF-8"?>
<!-- Generated by org.testng.reporters.JUnitReportReporter -->
<testsuite hostname="SEW-APAC-619" name="test.HomePageTest" tests="1" failures="0" timestamp="17 Nov 2021 05:15:27 GMT" time="0.757" errors="0">
  <testcase name="loginWebPortal" time="0.757" classname="test.HomePageTest"/>
</testsuite> <!-- test.HomePageTest -->
